<?xml version="1.0" encoding="UTF-8"?>
<!-- Generated by org.testng.reporters.JUnitXMLReporter -->
<testsuite ignored="0" hostname="Suman" failures="0" tests="4" name="Default test" time="0.142" errors="0" timestamp="2021-11-03T09:10:25 IST">
  <testcase classname="com.sgtesting.testcases.products.Products" name="productsTestCase1" time="0.019"/>
  <testcase classname="com.sgtesting.testcases.products.Products" name="productsTestCase2" time="0.003"/>
  <testcase classname="com.sgtesting.testcases.users.Users" name="usersTestCase1" time="0.003"/>
  <testcase classname="com.sgtesting.testcases.users.Users" name="usersTestCase2" time="0.005"/>
</testsuite> <!-- Default test -->
