<?xml version="1.0" encoding="UTF-8"?>
<testng-results ignored="0" total="2" passed="2" failed="0" skipped="0">
  <reporter-output>
  </reporter-output>
  <suite started-at="2021-10-21T23:45:55 IST" name="Default suite" finished-at="2021-10-21T23:45:55 IST" duration-ms="235">
    <groups>
    </groups>
    <test started-at="2021-10-21T23:45:55 IST" name="Default test" finished-at="2021-10-21T23:45:55 IST" duration-ms="235">
      <class name="com.sgtesting.hardassertions.AssertEqulasDemo">
        <test-method signature="method1()[pri:0, instance:com.sgtesting.hardassertions.AssertEqulasDemo@44a7bfbc]" started-at="2021-10-21T23:45:55 IST" name="method1" finished-at="2021-10-21T23:45:55 IST" duration-ms="43" status="PASS">
          <reporter-output>
          </reporter-output>
        </test-method> <!-- method1 -->
        <test-method signature="method2()[pri:0, instance:com.sgtesting.hardassertions.AssertEqulasDemo@44a7bfbc]" started-at="2021-10-21T23:45:55 IST" name="method2" finished-at="2021-10-21T23:45:55 IST" duration-ms="14" status="PASS">
          <reporter-output>
          </reporter-output>
        </test-method> <!-- method2 -->
      </class> <!-- com.sgtesting.hardassertions.AssertEqulasDemo -->
    </test> <!-- Default test -->
  </suite> <!-- Default suite -->
</testng-results>
