<?xml version="1.0" encoding="UTF-8"?>
<testng-results ignored="0" total="4" passed="4" failed="0" skipped="0">
  <reporter-output>
  </reporter-output>
  <suite started-at="2021-11-03T09:10:25 IST" name="Default suite" finished-at="2021-11-03T09:10:25 IST" duration-ms="142">
    <groups>
    </groups>
    <test started-at="2021-11-03T09:10:25 IST" name="Default test" finished-at="2021-11-03T09:10:25 IST" duration-ms="142">
      <class name="com.sgtesting.testcases.products.Products">
        <test-method signature="productsTestCase1()[pri:0, instance:com.sgtesting.testcases.products.Products@2cdd0d4b]" started-at="2021-11-03T09:10:25 IST" name="productsTestCase1" finished-at="2021-11-03T09:10:25 IST" duration-ms="19" status="PASS">
          <reporter-output>
          </reporter-output>
        </test-method> <!-- productsTestCase1 -->
        <test-method signature="productsTestCase2()[pri:0, instance:com.sgtesting.testcases.products.Products@2cdd0d4b]" started-at="2021-11-03T09:10:25 IST" name="productsTestCase2" finished-at="2021-11-03T09:10:25 IST" duration-ms="3" status="PASS">
          <reporter-output>
          </reporter-output>
        </test-method> <!-- productsTestCase2 -->
      </class> <!-- com.sgtesting.testcases.products.Products -->
      <class name="com.sgtesting.testcases.users.Users">
        <test-method signature="usersTestCase1()[pri:0, instance:com.sgtesting.testcases.users.Users@865dd6]" started-at="2021-11-03T09:10:25 IST" name="usersTestCase1" finished-at="2021-11-03T09:10:25 IST" duration-ms="3" status="PASS">
          <reporter-output>
          </reporter-output>
        </test-method> <!-- usersTestCase1 -->
        <test-method signature="usersTestCase2()[pri:0, instance:com.sgtesting.testcases.users.Users@865dd6]" started-at="2021-11-03T09:10:25 IST" name="usersTestCase2" finished-at="2021-11-03T09:10:25 IST" duration-ms="5" status="PASS">
          <reporter-output>
          </reporter-output>
        </test-method> <!-- usersTestCase2 -->
      </class> <!-- com.sgtesting.testcases.users.Users -->
    </test> <!-- Default test -->
  </suite> <!-- Default suite -->
</testng-results>
