<?xml version="1.0" encoding="UTF-8"?>
<!-- Generated by org.testng.reporters.JUnitXMLReporter -->
<testsuite ignored="0" hostname="Suman" failures="0" tests="3" name="Test1" time="0.143" errors="0" timestamp="2021-10-20T19:29:38 IST">
  <testcase classname="com.sgtesting.products.Products" name="modifyProduct" time="0.02"/>
  <testcase classname="com.sgtesting.products.Products" name="deletedProduct" time="0.015"/>
  <testcase classname="com.sgtesting.products.Products" name="createProduct" time="0.024"/>
</testsuite> <!-- Test1 -->
